{"D:\\project\\node&vue\\node\\express--crud\\service\\userService.js":{"path":"D:\\project\\node&vue\\node\\express--crud\\service\\userService.js","s":{"1":1,"2":1,"3":1,"4":1,"5":2,"6":2,"7":1,"8":1},"b":{"1":[1,1],"2":[2,1,1,1]},"f":{"1":1,"2":2},"fnMap":{"1":{"name":"(anonymous_1)","line":11,"loc":{"start":{"line":11,"column":19},"end":{"line":11,"column":29}}},"2":{"name":"(anonymous_2)","line":17,"loc":{"start":{"line":17,"column":18},"end":{"line":17,"column":37}}}},"statementMap":{"1":{"start":{"line":6,"column":0},"end":{"line":6,"column":36}},"2":{"start":{"line":11,"column":0},"end":{"line":13,"column":1}},"3":{"start":{"line":12,"column":4},"end":{"line":12,"column":24}},"4":{"start":{"line":17,"column":0},"end":{"line":33,"column":1}},"5":{"start":{"line":19,"column":4},"end":{"line":19,"column":30}},"6":{"start":{"line":20,"column":4},"end":{"line":25,"column":5}},"7":{"start":{"line":21,"column":8},"end":{"line":24,"column":9}},"8":{"start":{"line":28,"column":4},"end":{"line":32,"column":5}}},"branchMap":{"1":{"line":20,"type":"if","locations":[{"start":{"line":20,"column":4},"end":{"line":20,"column":4}},{"start":{"line":20,"column":4},"end":{"line":20,"column":4}}]},"2":{"line":20,"type":"binary-expr","locations":[{"start":{"line":20,"column":7},"end":{"line":20,"column":30}},{"start":{"line":20,"column":33},"end":{"line":20,"column":56}},{"start":{"line":20,"column":58},"end":{"line":20,"column":65}},{"start":{"line":20,"column":67},"end":{"line":20,"column":74}}]}}},"D:\\project\\node&vue\\node\\express--crud\\initData.js":{"path":"D:\\project\\node&vue\\node\\express--crud\\initData.js","s":{"1":1,"2":1,"3":1,"4":1,"5":1,"6":1,"7":1,"8":1,"9":1},"b":{"1":[1,0]},"f":{},"fnMap":{},"statementMap":{"1":{"start":{"line":4,"column":0},"end":{"line":4,"column":24}},"2":{"start":{"line":5,"column":0},"end":{"line":5,"column":29}},"3":{"start":{"line":6,"column":0},"end":{"line":6,"column":36}},"4":{"start":{"line":7,"column":0},"end":{"line":7,"column":31}},"5":{"start":{"line":11,"column":0},"end":{"line":11,"column":36}},"6":{"start":{"line":25,"column":0},"end":{"line":35,"column":3}},"7":{"start":{"line":40,"column":0},"end":{"line":40,"column":33}},"8":{"start":{"line":44,"column":0},"end":{"line":44,"column":90}},"9":{"start":{"line":50,"column":0},"end":{"line":50,"column":23}}},"branchMap":{"1":{"line":11,"type":"binary-expr","locations":[{"start":{"line":11,"column":0},"end":{"line":11,"column":12}},{"start":{"line":11,"column":17},"end":{"line":11,"column":34}}]}}}}