TN:
SF:D:\project\node&vue\node\express--crud\service\userService.js
FN:11,(anonymous_1)
FN:17,(anonymous_2)
FNF:2
FNH:2
FNDA:1,(anonymous_1)
FNDA:2,(anonymous_2)
DA:6,1
DA:11,1
DA:12,1
DA:17,1
DA:19,2
DA:20,2
DA:21,1
DA:28,1
LF:8
LH:8
BRDA:20,1,0,1
BRDA:20,1,1,1
BRDA:20,2,0,2
BRDA:20,2,1,1
BRDA:20,2,2,1
BRDA:20,2,3,1
BRF:6
BRH:6
end_of_record
TN:
SF:D:\project\node&vue\node\express--crud\initData.js
FNF:0
FNH:0
DA:4,1
DA:5,1
DA:6,1
DA:7,1
DA:11,1
DA:25,1
DA:40,1
DA:44,1
DA:50,1
LF:9
LH:9
BRDA:11,1,0,1
BRDA:11,1,1,0
BRF:2
BRH:1
end_of_record
